<?xml version="1.0" encoding="UTF-8"?>
<testng-results ignored="0" total="1" passed="1" failed="0" skipped="0">
  <reporter-output>
    <line>
      <![CDATA[openbrowser]]>
    </line>
    <line>
      <![CDATA[login]]>
    </line>
    <line>
      <![CDATA[createcustomer]]>
    </line>
    <line>
      <![CDATA[logout]]>
    </line>
    <line>
      <![CDATA[closetheBrowser]]>
    </line>
  </reporter-output>
  <suite started-at="2023-06-01T15:27:05 IST" name="Default suite" finished-at="2023-06-01T15:28:51 IST" duration-ms="106009">
    <groups>
    </groups>
    <test started-at="2023-06-01T15:27:05 IST" name="Default test" finished-at="2023-06-01T15:28:51 IST" duration-ms="106009">
      <class name="com.actitime.testscripts.CustomerModule">
        <test-method is-config="true" signature="openBrowser()[pri:0, instance:com.actitime.testscripts.CustomerModule@708f5957]" started-at="2023-06-01T15:27:05 IST" name="openBrowser" finished-at="2023-06-01T15:27:07 IST" duration-ms="2084" status="PASS">
          <reporter-output>
            <line>
              <![CDATA[openbrowser]]>
            </line>
          </reporter-output>
        </test-method> <!-- openBrowser -->
        <test-method is-config="true" signature="login()[pri:0, instance:com.actitime.testscripts.CustomerModule@708f5957]" started-at="2023-06-01T15:27:07 IST" name="login" finished-at="2023-06-01T15:28:15 IST" duration-ms="67548" status="PASS">
          <reporter-output>
            <line>
              <![CDATA[login]]>
            </line>
          </reporter-output>
        </test-method> <!-- login -->
        <test-method signature="testcreatCustomer()[pri:0, instance:com.actitime.testscripts.CustomerModule@708f5957]" started-at="2023-06-01T15:28:15 IST" name="testcreatCustomer" finished-at="2023-06-01T15:28:45 IST" duration-ms="30289" status="PASS">
          <reporter-output>
            <line>
              <![CDATA[createcustomer]]>
            </line>
          </reporter-output>
        </test-method> <!-- testcreatCustomer -->
        <test-method is-config="true" signature="logout()[pri:0, instance:com.actitime.testscripts.CustomerModule@708f5957]" started-at="2023-06-01T15:28:45 IST" name="logout" finished-at="2023-06-01T15:28:51 IST" duration-ms="5833" status="PASS">
          <reporter-output>
            <line>
              <![CDATA[logout]]>
            </line>
          </reporter-output>
        </test-method> <!-- logout -->
        <test-method is-config="true" signature="closeBrowser()[pri:0, instance:com.actitime.testscripts.CustomerModule@708f5957]" started-at="2023-06-01T15:28:51 IST" name="closeBrowser" finished-at="2023-06-01T15:28:51 IST" duration-ms="197" status="PASS">
          <reporter-output>
            <line>
              <![CDATA[closetheBrowser]]>
            </line>
          </reporter-output>
        </test-method> <!-- closeBrowser -->
      </class> <!-- com.actitime.testscripts.CustomerModule -->
    </test> <!-- Default test -->
  </suite> <!-- Default suite -->
</testng-results>
