<?xml version="1.0" encoding="UTF-8"?>
<testng-results ignored="0" total="1" passed="1" failed="0" skipped="0">
  <reporter-output>
    <line>
      <![CDATA[openbrowser]]>
    </line>
    <line>
      <![CDATA[login]]>
    </line>
    <line>
      <![CDATA[createcustomer]]>
    </line>
    <line>
      <![CDATA[logout]]>
    </line>
    <line>
      <![CDATA[closetheBrowser]]>
    </line>
  </reporter-output>
  <suite started-at="2023-06-02T07:51:31 IST" name="Default suite" finished-at="2023-06-02T07:52:08 IST" duration-ms="36842">
    <groups>
    </groups>
    <test started-at="2023-06-02T07:51:31 IST" name="Default test" finished-at="2023-06-02T07:52:08 IST" duration-ms="36842">
      <class name="com.actitime.testscripts.CustomerModule">
        <test-method is-config="true" signature="openBrowser()[pri:0, instance:com.actitime.testscripts.CustomerModule@708f5957]" started-at="2023-06-02T07:51:31 IST" name="openBrowser" finished-at="2023-06-02T07:51:33 IST" duration-ms="2343" status="PASS">
          <reporter-output>
            <line>
              <![CDATA[openbrowser]]>
            </line>
          </reporter-output>
        </test-method> <!-- openBrowser -->
        <test-method is-config="true" signature="login()[pri:0, instance:com.actitime.testscripts.CustomerModule@708f5957]" started-at="2023-06-02T07:51:33 IST" name="login" finished-at="2023-06-02T07:51:47 IST" duration-ms="13837" status="PASS">
          <reporter-output>
            <line>
              <![CDATA[login]]>
            </line>
          </reporter-output>
        </test-method> <!-- login -->
        <test-method signature="testcreatCustomer()[pri:0, instance:com.actitime.testscripts.CustomerModule@708f5957]" started-at="2023-06-02T07:51:47 IST" name="testcreatCustomer" finished-at="2023-06-02T07:52:02 IST" duration-ms="15432" status="PASS">
          <reporter-output>
            <line>
              <![CDATA[createcustomer]]>
            </line>
          </reporter-output>
        </test-method> <!-- testcreatCustomer -->
        <test-method is-config="true" signature="logout()[pri:0, instance:com.actitime.testscripts.CustomerModule@708f5957]" started-at="2023-06-02T07:52:02 IST" name="logout" finished-at="2023-06-02T07:52:07 IST" duration-ms="4884" status="PASS">
          <reporter-output>
            <line>
              <![CDATA[logout]]>
            </line>
          </reporter-output>
        </test-method> <!-- logout -->
        <test-method is-config="true" signature="closeBrowser()[pri:0, instance:com.actitime.testscripts.CustomerModule@708f5957]" started-at="2023-06-02T07:52:07 IST" name="closeBrowser" finished-at="2023-06-02T07:52:08 IST" duration-ms="286" status="PASS">
          <reporter-output>
            <line>
              <![CDATA[closetheBrowser]]>
            </line>
          </reporter-output>
        </test-method> <!-- closeBrowser -->
      </class> <!-- com.actitime.testscripts.CustomerModule -->
    </test> <!-- Default test -->
  </suite> <!-- Default suite -->
</testng-results>
